2025-11-03 22:35:19 [DEBUG] org.apache.poi.openxml4j.opc.ZipPackage - Save core properties part
2025-11-03 22:35:19 [DEBUG] org.apache.poi.openxml4j.opc.ZipPackage - Save content types part
2025-11-03 22:35:19 [DEBUG] org.apache.poi.openxml4j.opc.ZipPackage - Save package relationships
2025-11-03 22:35:19 [DEBUG] org.apache.poi.openxml4j.opc.ZipPackage - Save part 'docProps/app.xml'
2025-11-03 22:35:19 [DEBUG] org.apache.poi.openxml4j.opc.ZipPackage - Save part 'docProps/core.xml'
2025-11-03 22:35:19 [DEBUG] org.apache.poi.openxml4j.opc.ZipPackage - Save part 'xl/sharedStrings.xml'
2025-11-03 22:35:19 [DEBUG] org.apache.poi.openxml4j.opc.ZipPackage - Save part 'xl/styles.xml'
2025-11-03 22:35:19 [DEBUG] org.apache.poi.openxml4j.opc.ZipPackage - Save part 'xl/workbook.xml'
2025-11-03 22:35:19 [DEBUG] org.apache.poi.openxml4j.opc.ZipPackage - Save part 'xl/worksheets/sheet1.xml'
2025-11-03 22:35:19 [INFO ] ace.ucv.service.output.PerformanceMetricsRecorder - Metrics written to Excel file successfully.
2025-11-03 23:35:04 [DEBUG] org.apache.poi.openxml4j.opc.ZipPackage - Save core properties part
2025-11-03 23:35:04 [DEBUG] org.apache.poi.openxml4j.opc.ZipPackage - Save content types part
2025-11-03 23:35:04 [DEBUG] org.apache.poi.openxml4j.opc.ZipPackage - Save package relationships
2025-11-03 23:35:04 [DEBUG] org.apache.poi.openxml4j.opc.ZipPackage - Save part 'docProps/app.xml'
2025-11-03 23:35:04 [DEBUG] org.apache.poi.openxml4j.opc.ZipPackage - Save part 'docProps/core.xml'
2025-11-03 23:35:04 [DEBUG] org.apache.poi.openxml4j.opc.ZipPackage - Save part 'xl/sharedStrings.xml'
2025-11-03 23:35:04 [DEBUG] org.apache.poi.openxml4j.opc.ZipPackage - Save part 'xl/styles.xml'
2025-11-03 23:35:04 [DEBUG] org.apache.poi.openxml4j.opc.ZipPackage - Save part 'xl/workbook.xml'
2025-11-03 23:35:04 [DEBUG] org.apache.poi.openxml4j.opc.ZipPackage - Save part 'xl/worksheets/sheet1.xml'
2025-11-03 23:35:04 [INFO ] ace.ucv.service.output.PerformanceMetricsRecorder - Metrics saved to Excel: C:\Users\Beti\Downloads\test.xlsx
2025-11-03 23:42:25 [DEBUG] org.apache.poi.openxml4j.opc.ZipPackage - Save core properties part
2025-11-03 23:42:25 [DEBUG] org.apache.poi.openxml4j.opc.ZipPackage - Save content types part
2025-11-03 23:42:25 [DEBUG] org.apache.poi.openxml4j.opc.ZipPackage - Save package relationships
2025-11-03 23:42:25 [DEBUG] org.apache.poi.openxml4j.opc.ZipPackage - Save part 'docProps/app.xml'
2025-11-03 23:42:25 [DEBUG] org.apache.poi.openxml4j.opc.ZipPackage - Save part 'docProps/core.xml'
2025-11-03 23:42:25 [DEBUG] org.apache.poi.openxml4j.opc.ZipPackage - Save part 'xl/sharedStrings.xml'
2025-11-03 23:42:25 [DEBUG] org.apache.poi.openxml4j.opc.ZipPackage - Save part 'xl/styles.xml'
2025-11-03 23:42:25 [DEBUG] org.apache.poi.openxml4j.opc.ZipPackage - Save part 'xl/workbook.xml'
2025-11-03 23:42:25 [DEBUG] org.apache.poi.openxml4j.opc.ZipPackage - Save part 'xl/worksheets/sheet1.xml'
2025-11-03 23:42:25 [DEBUG] org.apache.poi.openxml4j.opc.ZipPackage - Save content types part
2025-11-03 23:42:25 [DEBUG] org.apache.poi.openxml4j.opc.ZipPackage - Save package relationships
2025-11-03 23:42:25 [DEBUG] org.apache.poi.openxml4j.opc.ZipPackage - Save part 'docProps/app.xml'
2025-11-03 23:42:25 [DEBUG] org.apache.poi.openxml4j.opc.ZipPackage - Save part 'docProps/core.xml'
2025-11-03 23:42:25 [DEBUG] org.apache.poi.openxml4j.opc.ZipPackage - Save part 'xl/sharedStrings.xml'
2025-11-03 23:42:25 [DEBUG] org.apache.poi.openxml4j.opc.ZipPackage - Save part 'xl/styles.xml'
2025-11-03 23:42:25 [DEBUG] org.apache.poi.openxml4j.opc.ZipPackage - Save part 'xl/workbook.xml'
2025-11-03 23:42:25 [DEBUG] org.apache.poi.openxml4j.opc.ZipPackage - Save part 'xl/worksheets/sheet1.xml'
