2025-11-06 21:09:35 [DEBUG] org.apache.poi.openxml4j.opc.ZipPackage - Save core properties part
2025-11-06 21:09:35 [DEBUG] org.apache.poi.openxml4j.opc.ZipPackage - Save content types part
2025-11-06 21:09:35 [DEBUG] org.apache.poi.openxml4j.opc.ZipPackage - Save package relationships
2025-11-06 21:09:35 [DEBUG] org.apache.poi.openxml4j.opc.ZipPackage - Save part 'docProps/app.xml'
2025-11-06 21:09:35 [DEBUG] org.apache.poi.openxml4j.opc.ZipPackage - Save part 'docProps/core.xml'
2025-11-06 21:09:35 [DEBUG] org.apache.poi.openxml4j.opc.ZipPackage - Save part 'xl/sharedStrings.xml'
2025-11-06 21:09:35 [DEBUG] org.apache.poi.openxml4j.opc.ZipPackage - Save part 'xl/styles.xml'
2025-11-06 21:09:35 [DEBUG] org.apache.poi.openxml4j.opc.ZipPackage - Save part 'xl/workbook.xml'
2025-11-06 21:09:35 [DEBUG] org.apache.poi.openxml4j.opc.ZipPackage - Save part 'xl/worksheets/sheet1.xml'
2025-11-06 21:09:35 [DEBUG] org.apache.poi.openxml4j.opc.ZipPackage - Save content types part
2025-11-06 21:09:35 [DEBUG] org.apache.poi.openxml4j.opc.ZipPackage - Save package relationships
2025-11-06 21:09:35 [DEBUG] org.apache.poi.openxml4j.opc.ZipPackage - Save part 'docProps/app.xml'
2025-11-06 21:09:35 [DEBUG] org.apache.poi.openxml4j.opc.ZipPackage - Save part 'docProps/core.xml'
2025-11-06 21:09:35 [DEBUG] org.apache.poi.openxml4j.opc.ZipPackage - Save part 'xl/sharedStrings.xml'
2025-11-06 21:09:35 [DEBUG] org.apache.poi.openxml4j.opc.ZipPackage - Save part 'xl/styles.xml'
2025-11-06 21:09:35 [DEBUG] org.apache.poi.openxml4j.opc.ZipPackage - Save part 'xl/workbook.xml'
2025-11-06 21:09:35 [DEBUG] org.apache.poi.openxml4j.opc.ZipPackage - Save part 'xl/worksheets/sheet1.xml'
2025-11-06 21:09:35 [INFO ] ace.ucv.service.output.PerformanceMetricsRecorder - Metrics written to Excel file successfully.
2025-11-06 23:24:19 [DEBUG] org.apache.poi.openxml4j.opc.ZipPackage - Save core properties part
2025-11-06 23:24:19 [DEBUG] org.apache.poi.openxml4j.opc.ZipPackage - Save content types part
2025-11-06 23:24:19 [DEBUG] org.apache.poi.openxml4j.opc.ZipPackage - Save package relationships
2025-11-06 23:24:19 [DEBUG] org.apache.poi.openxml4j.opc.ZipPackage - Save part 'docProps/app.xml'
2025-11-06 23:24:19 [DEBUG] org.apache.poi.openxml4j.opc.ZipPackage - Save part 'docProps/core.xml'
2025-11-06 23:24:19 [DEBUG] org.apache.poi.openxml4j.opc.ZipPackage - Save part 'xl/sharedStrings.xml'
2025-11-06 23:24:19 [DEBUG] org.apache.poi.openxml4j.opc.ZipPackage - Save part 'xl/styles.xml'
2025-11-06 23:24:19 [DEBUG] org.apache.poi.openxml4j.opc.ZipPackage - Save part 'xl/workbook.xml'
2025-11-06 23:24:19 [DEBUG] org.apache.poi.openxml4j.opc.ZipPackage - Save part 'xl/worksheets/sheet1.xml'
2025-11-06 23:24:19 [DEBUG] org.apache.poi.openxml4j.opc.ZipPackage - Save content types part
2025-11-06 23:24:19 [DEBUG] org.apache.poi.openxml4j.opc.ZipPackage - Save package relationships
2025-11-06 23:24:19 [DEBUG] org.apache.poi.openxml4j.opc.ZipPackage - Save part 'docProps/app.xml'
2025-11-06 23:24:19 [DEBUG] org.apache.poi.openxml4j.opc.ZipPackage - Save part 'docProps/core.xml'
2025-11-06 23:24:19 [DEBUG] org.apache.poi.openxml4j.opc.ZipPackage - Save part 'xl/sharedStrings.xml'
2025-11-06 23:24:19 [DEBUG] org.apache.poi.openxml4j.opc.ZipPackage - Save part 'xl/styles.xml'
2025-11-06 23:24:19 [DEBUG] org.apache.poi.openxml4j.opc.ZipPackage - Save part 'xl/workbook.xml'
2025-11-06 23:24:19 [DEBUG] org.apache.poi.openxml4j.opc.ZipPackage - Save part 'xl/worksheets/sheet1.xml'
2025-11-06 23:24:19 [INFO ] ace.ucv.service.output.PerformanceMetricsRecorder - Metrics written to Excel file successfully.
